/home/psk6950/biomol/utils/hierarchy.py:882: UserWarning: Missing & hetero residue found in this item. auth_seq_id: 905
  warnings.warn(f"Missing & hetero residue found in this item. auth_seq_id: {auth_idx}")
/home/psk6950/biomol/utils/hierarchy.py:882: UserWarning: Missing & hetero residue found in this item. auth_seq_id: 311
  warnings.warn(f"Missing & hetero residue found in this item. auth_seq_id: {auth_idx}")
/home/psk6950/biomol/utils/hierarchy.py:882: UserWarning: Missing & hetero residue found in this item. auth_seq_id: 97
  warnings.warn(f"Missing & hetero residue found in this item. auth_seq_id: {auth_idx}")
/home/psk6950/biomol/utils/hierarchy.py:882: UserWarning: Missing & hetero residue found in this item. auth_seq_id: 98
  warnings.warn(f"Missing & hetero residue found in this item. auth_seq_id: {auth_idx}")
/home/psk6950/biomol/utils/hierarchy.py:882: UserWarning: Missing & hetero residue found in this item. auth_seq_id: 50
  warnings.warn(f"Missing & hetero residue found in this item. auth_seq_id: {auth_idx}")
/home/psk6950/biomol/utils/hierarchy.py:882: UserWarning: Missing & hetero residue found in this item. auth_seq_id: 95
  warnings.warn(f"Missing & hetero residue found in this item. auth_seq_id: {auth_idx}")
/home/psk6950/biomol/utils/hierarchy.py:882: UserWarning: Missing & hetero residue found in this item. auth_seq_id: 1
  warnings.warn(f"Missing & hetero residue found in this item. auth_seq_id: {auth_idx}")
/home/psk6950/biomol/utils/hierarchy.py:882: UserWarning: Missing & hetero residue found in this item. auth_seq_id: 50
  warnings.warn(f"Missing & hetero residue found in this item. auth_seq_id: {auth_idx}")
/home/psk6950/biomol/utils/hierarchy.py:882: UserWarning: Missing & hetero residue found in this item. auth_seq_id: 95
  warnings.warn(f"Missing & hetero residue found in this item. auth_seq_id: {auth_idx}")
/home/psk6950/biomol/utils/hierarchy.py:882: UserWarning: Missing & hetero residue found in this item. auth_seq_id: 97
  warnings.warn(f"Missing & hetero residue found in this item. auth_seq_id: {auth_idx}")
/home/psk6950/biomol/utils/hierarchy.py:882: UserWarning: Missing & hetero residue found in this item. auth_seq_id: 98
  warnings.warn(f"Missing & hetero residue found in this item. auth_seq_id: {auth_idx}")
/home/psk6950/biomol/utils/hierarchy.py:882: UserWarning: Missing & hetero residue found in this item. auth_seq_id: 67
  warnings.warn(f"Missing & hetero residue found in this item. auth_seq_id: {auth_idx}")
/home/psk6950/biomol/utils/hierarchy.py:882: UserWarning: Missing & hetero residue found in this item. auth_seq_id: 101
  warnings.warn(f"Missing & hetero residue found in this item. auth_seq_id: {auth_idx}")
/home/psk6950/biomol/utils/hierarchy.py:882: UserWarning: Missing & hetero residue found in this item. auth_seq_id: 63
  warnings.warn(f"Missing & hetero residue found in this item. auth_seq_id: {auth_idx}")
/home/psk6950/biomol/utils/hierarchy.py:882: UserWarning: Missing & hetero residue found in this item. auth_seq_id: 276
  warnings.warn(f"Missing & hetero residue found in this item. auth_seq_id: {auth_idx}")
/home/psk6950/biomol/utils/hierarchy.py:882: UserWarning: Missing & hetero residue found in this item. auth_seq_id: 276
  warnings.warn(f"Missing & hetero residue found in this item. auth_seq_id: {auth_idx}")
/home/psk6950/biomol/utils/hierarchy.py:882: UserWarning: Missing & hetero residue found in this item. auth_seq_id: 291
  warnings.warn(f"Missing & hetero residue found in this item. auth_seq_id: {auth_idx}")
/home/psk6950/biomol/utils/hierarchy.py:882: UserWarning: Missing & hetero residue found in this item. auth_seq_id: 101
  warnings.warn(f"Missing & hetero residue found in this item. auth_seq_id: {auth_idx}")
/home/psk6950/biomol/utils/hierarchy.py:882: UserWarning: Missing & hetero residue found in this item. auth_seq_id: 50
  warnings.warn(f"Missing & hetero residue found in this item. auth_seq_id: {auth_idx}")
/home/psk6950/biomol/utils/hierarchy.py:882: UserWarning: Missing & hetero residue found in this item. auth_seq_id: 95
  warnings.warn(f"Missing & hetero residue found in this item. auth_seq_id: {auth_idx}")
/home/psk6950/biomol/utils/hierarchy.py:882: UserWarning: Missing & hetero residue found in this item. auth_seq_id: 97
  warnings.warn(f"Missing & hetero residue found in this item. auth_seq_id: {auth_idx}")
/home/psk6950/biomol/utils/hierarchy.py:882: UserWarning: Missing & hetero residue found in this item. auth_seq_id: 98
  warnings.warn(f"Missing & hetero residue found in this item. auth_seq_id: {auth_idx}")
/home/psk6950/biomol/utils/hierarchy.py:882: UserWarning: Missing & hetero residue found in this item. auth_seq_id: 35
  warnings.warn(f"Missing & hetero residue found in this item. auth_seq_id: {auth_idx}")
/home/psk6950/biomol/utils/hierarchy.py:882: UserWarning: Missing & hetero residue found in this item. auth_seq_id: 117
  warnings.warn(f"Missing & hetero residue found in this item. auth_seq_id: {auth_idx}")
/home/psk6950/biomol/utils/hierarchy.py:882: UserWarning: Missing & hetero residue found in this item. auth_seq_id: 124
  warnings.warn(f"Missing & hetero residue found in this item. auth_seq_id: {auth_idx}")
/home/psk6950/biomol/utils/hierarchy.py:882: UserWarning: Missing & hetero residue found in this item. auth_seq_id: 298
  warnings.warn(f"Missing & hetero residue found in this item. auth_seq_id: {auth_idx}")
/home/psk6950/biomol/utils/hierarchy.py:882: UserWarning: Missing & hetero residue found in this item. auth_seq_id: 44
  warnings.warn(f"Missing & hetero residue found in this item. auth_seq_id: {auth_idx}")
/home/psk6950/biomol/utils/hierarchy.py:882: UserWarning: Missing & hetero residue found in this item. auth_seq_id: 45
  warnings.warn(f"Missing & hetero residue found in this item. auth_seq_id: {auth_idx}")
/home/psk6950/biomol/utils/hierarchy.py:882: UserWarning: Missing & hetero residue found in this item. auth_seq_id: 51
  warnings.warn(f"Missing & hetero residue found in this item. auth_seq_id: {auth_idx}")
/home/psk6950/biomol/utils/hierarchy.py:882: UserWarning: Missing & hetero residue found in this item. auth_seq_id: 58
  warnings.warn(f"Missing & hetero residue found in this item. auth_seq_id: {auth_idx}")
/home/psk6950/biomol/utils/hierarchy.py:882: UserWarning: Missing & hetero residue found in this item. auth_seq_id: 59
  warnings.warn(f"Missing & hetero residue found in this item. auth_seq_id: {auth_idx}")
/home/psk6950/biomol/utils/hierarchy.py:882: UserWarning: Missing & hetero residue found in this item. auth_seq_id: 61
  warnings.warn(f"Missing & hetero residue found in this item. auth_seq_id: {auth_idx}")
/home/psk6950/biomol/utils/hierarchy.py:882: UserWarning: Missing & hetero residue found in this item. auth_seq_id: 62
  warnings.warn(f"Missing & hetero residue found in this item. auth_seq_id: {auth_idx}")
/home/psk6950/biomol/utils/hierarchy.py:882: UserWarning: Missing & hetero residue found in this item. auth_seq_id: 546
  warnings.warn(f"Missing & hetero residue found in this item. auth_seq_id: {auth_idx}")
/home/psk6950/biomol/utils/hierarchy.py:882: UserWarning: Missing & hetero residue found in this item. auth_seq_id: 17
  warnings.warn(f"Missing & hetero residue found in this item. auth_seq_id: {auth_idx}")
/home/psk6950/biomol/utils/hierarchy.py:882: UserWarning: Missing & hetero residue found in this item. auth_seq_id: 28
  warnings.warn(f"Missing & hetero residue found in this item. auth_seq_id: {auth_idx}")
/home/psk6950/biomol/utils/hierarchy.py:882: UserWarning: Missing & hetero residue found in this item. auth_seq_id: 59
  warnings.warn(f"Missing & hetero residue found in this item. auth_seq_id: {auth_idx}")
/home/psk6950/biomol/utils/hierarchy.py:882: UserWarning: Missing & hetero residue found in this item. auth_seq_id: 70
  warnings.warn(f"Missing & hetero residue found in this item. auth_seq_id: {auth_idx}")
/home/psk6950/biomol/utils/hierarchy.py:882: UserWarning: Missing & hetero residue found in this item. auth_seq_id: 101
  warnings.warn(f"Missing & hetero residue found in this item. auth_seq_id: {auth_idx}")
/home/psk6950/biomol/utils/hierarchy.py:882: UserWarning: Missing & hetero residue found in this item. auth_seq_id: 112
  warnings.warn(f"Missing & hetero residue found in this item. auth_seq_id: {auth_idx}")
/home/psk6950/biomol/utils/hierarchy.py:882: UserWarning: Missing & hetero residue found in this item. auth_seq_id: 143
  warnings.warn(f"Missing & hetero residue found in this item. auth_seq_id: {auth_idx}")
/home/psk6950/biomol/utils/hierarchy.py:882: UserWarning: Missing & hetero residue found in this item. auth_seq_id: 154
  warnings.warn(f"Missing & hetero residue found in this item. auth_seq_id: {auth_idx}")
/home/psk6950/biomol/utils/hierarchy.py:882: UserWarning: Missing & hetero residue found in this item. auth_seq_id: 185
  warnings.warn(f"Missing & hetero residue found in this item. auth_seq_id: {auth_idx}")
/home/psk6950/biomol/utils/hierarchy.py:882: UserWarning: Missing & hetero residue found in this item. auth_seq_id: 196
  warnings.warn(f"Missing & hetero residue found in this item. auth_seq_id: {auth_idx}")
/home/psk6950/biomol/utils/hierarchy.py:882: UserWarning: Missing & hetero residue found in this item. auth_seq_id: 227
  warnings.warn(f"Missing & hetero residue found in this item. auth_seq_id: {auth_idx}")
/home/psk6950/biomol/utils/hierarchy.py:882: UserWarning: Missing & hetero residue found in this item. auth_seq_id: 238
  warnings.warn(f"Missing & hetero residue found in this item. auth_seq_id: {auth_idx}")
/home/psk6950/biomol/utils/hierarchy.py:882: UserWarning: Missing & hetero residue found in this item. auth_seq_id: 133
  warnings.warn(f"Missing & hetero residue found in this item. auth_seq_id: {auth_idx}")
/home/psk6950/biomol/utils/hierarchy.py:882: UserWarning: Missing & hetero residue found in this item. auth_seq_id: 31
  warnings.warn(f"Missing & hetero residue found in this item. auth_seq_id: {auth_idx}")
/home/psk6950/biomol/utils/hierarchy.py:882: UserWarning: Missing & hetero residue found in this item. auth_seq_id: 38
  warnings.warn(f"Missing & hetero residue found in this item. auth_seq_id: {auth_idx}")
/home/psk6950/biomol/utils/hierarchy.py:882: UserWarning: Missing & hetero residue found in this item. auth_seq_id: 41
  warnings.warn(f"Missing & hetero residue found in this item. auth_seq_id: {auth_idx}")
/home/psk6950/biomol/utils/hierarchy.py:882: UserWarning: Missing & hetero residue found in this item. auth_seq_id: 57
  warnings.warn(f"Missing & hetero residue found in this item. auth_seq_id: {auth_idx}")
/home/psk6950/biomol/utils/hierarchy.py:882: UserWarning: Missing & hetero residue found in this item. auth_seq_id: 58
  warnings.warn(f"Missing & hetero residue found in this item. auth_seq_id: {auth_idx}")
/home/psk6950/biomol/utils/hierarchy.py:882: UserWarning: Missing & hetero residue found in this item. auth_seq_id: 59
  warnings.warn(f"Missing & hetero residue found in this item. auth_seq_id: {auth_idx}")
/home/psk6950/biomol/utils/hierarchy.py:882: UserWarning: Missing & hetero residue found in this item. auth_seq_id: 69
  warnings.warn(f"Missing & hetero residue found in this item. auth_seq_id: {auth_idx}")
/home/psk6950/biomol/utils/hierarchy.py:882: UserWarning: Missing & hetero residue found in this item. auth_seq_id: 97
  warnings.warn(f"Missing & hetero residue found in this item. auth_seq_id: {auth_idx}")
/home/psk6950/biomol/utils/hierarchy.py:882: UserWarning: Missing & hetero residue found in this item. auth_seq_id: 112
  warnings.warn(f"Missing & hetero residue found in this item. auth_seq_id: {auth_idx}")
/home/psk6950/biomol/utils/hierarchy.py:882: UserWarning: Missing & hetero residue found in this item. auth_seq_id: 131
  warnings.warn(f"Missing & hetero residue found in this item. auth_seq_id: {auth_idx}")
/home/psk6950/biomol/utils/hierarchy.py:882: UserWarning: Missing & hetero residue found in this item. auth_seq_id: 31
  warnings.warn(f"Missing & hetero residue found in this item. auth_seq_id: {auth_idx}")
/home/psk6950/biomol/utils/hierarchy.py:882: UserWarning: Missing & hetero residue found in this item. auth_seq_id: 38
  warnings.warn(f"Missing & hetero residue found in this item. auth_seq_id: {auth_idx}")
/home/psk6950/biomol/utils/hierarchy.py:882: UserWarning: Missing & hetero residue found in this item. auth_seq_id: 41
  warnings.warn(f"Missing & hetero residue found in this item. auth_seq_id: {auth_idx}")
/home/psk6950/biomol/utils/hierarchy.py:882: UserWarning: Missing & hetero residue found in this item. auth_seq_id: 57
  warnings.warn(f"Missing & hetero residue found in this item. auth_seq_id: {auth_idx}")
/home/psk6950/biomol/utils/hierarchy.py:882: UserWarning: Missing & hetero residue found in this item. auth_seq_id: 58
  warnings.warn(f"Missing & hetero residue found in this item. auth_seq_id: {auth_idx}")
/home/psk6950/biomol/utils/hierarchy.py:882: UserWarning: Missing & hetero residue found in this item. auth_seq_id: 59
  warnings.warn(f"Missing & hetero residue found in this item. auth_seq_id: {auth_idx}")
/home/psk6950/biomol/utils/hierarchy.py:882: UserWarning: Missing & hetero residue found in this item. auth_seq_id: 69
  warnings.warn(f"Missing & hetero residue found in this item. auth_seq_id: {auth_idx}")
/home/psk6950/biomol/utils/hierarchy.py:882: UserWarning: Missing & hetero residue found in this item. auth_seq_id: 97
  warnings.warn(f"Missing & hetero residue found in this item. auth_seq_id: {auth_idx}")
/home/psk6950/biomol/utils/hierarchy.py:882: UserWarning: Missing & hetero residue found in this item. auth_seq_id: 112
  warnings.warn(f"Missing & hetero residue found in this item. auth_seq_id: {auth_idx}")
/home/psk6950/biomol/utils/hierarchy.py:882: UserWarning: Missing & hetero residue found in this item. auth_seq_id: 131
  warnings.warn(f"Missing & hetero residue found in this item. auth_seq_id: {auth_idx}")
/home/psk6950/biomol/utils/hierarchy.py:882: UserWarning: Missing & hetero residue found in this item. auth_seq_id: 31
  warnings.warn(f"Missing & hetero residue found in this item. auth_seq_id: {auth_idx}")
/home/psk6950/biomol/utils/hierarchy.py:882: UserWarning: Missing & hetero residue found in this item. auth_seq_id: 38
  warnings.warn(f"Missing & hetero residue found in this item. auth_seq_id: {auth_idx}")
/home/psk6950/biomol/utils/hierarchy.py:882: UserWarning: Missing & hetero residue found in this item. auth_seq_id: 41
  warnings.warn(f"Missing & hetero residue found in this item. auth_seq_id: {auth_idx}")
/home/psk6950/biomol/utils/hierarchy.py:882: UserWarning: Missing & hetero residue found in this item. auth_seq_id: 57
  warnings.warn(f"Missing & hetero residue found in this item. auth_seq_id: {auth_idx}")
/home/psk6950/biomol/utils/hierarchy.py:882: UserWarning: Missing & hetero residue found in this item. auth_seq_id: 58
  warnings.warn(f"Missing & hetero residue found in this item. auth_seq_id: {auth_idx}")
/home/psk6950/biomol/utils/hierarchy.py:882: UserWarning: Missing & hetero residue found in this item. auth_seq_id: 59
  warnings.warn(f"Missing & hetero residue found in this item. auth_seq_id: {auth_idx}")
/home/psk6950/biomol/utils/hierarchy.py:882: UserWarning: Missing & hetero residue found in this item. auth_seq_id: 69
  warnings.warn(f"Missing & hetero residue found in this item. auth_seq_id: {auth_idx}")
/home/psk6950/biomol/utils/hierarchy.py:882: UserWarning: Missing & hetero residue found in this item. auth_seq_id: 97
  warnings.warn(f"Missing & hetero residue found in this item. auth_seq_id: {auth_idx}")
/home/psk6950/biomol/utils/hierarchy.py:882: UserWarning: Missing & hetero residue found in this item. auth_seq_id: 112
  warnings.warn(f"Missing & hetero residue found in this item. auth_seq_id: {auth_idx}")
/home/psk6950/biomol/utils/hierarchy.py:882: UserWarning: Missing & hetero residue found in this item. auth_seq_id: 131
  warnings.warn(f"Missing & hetero residue found in this item. auth_seq_id: {auth_idx}")
/home/psk6950/biomol/utils/hierarchy.py:882: UserWarning: Missing & hetero residue found in this item. auth_seq_id: 31
  warnings.warn(f"Missing & hetero residue found in this item. auth_seq_id: {auth_idx}")
/home/psk6950/biomol/utils/hierarchy.py:882: UserWarning: Missing & hetero residue found in this item. auth_seq_id: 38
  warnings.warn(f"Missing & hetero residue found in this item. auth_seq_id: {auth_idx}")
/home/psk6950/biomol/utils/hierarchy.py:882: UserWarning: Missing & hetero residue found in this item. auth_seq_id: 41
  warnings.warn(f"Missing & hetero residue found in this item. auth_seq_id: {auth_idx}")
/home/psk6950/biomol/utils/hierarchy.py:882: UserWarning: Missing & hetero residue found in this item. auth_seq_id: 57
  warnings.warn(f"Missing & hetero residue found in this item. auth_seq_id: {auth_idx}")
/home/psk6950/biomol/utils/hierarchy.py:882: UserWarning: Missing & hetero residue found in this item. auth_seq_id: 58
  warnings.warn(f"Missing & hetero residue found in this item. auth_seq_id: {auth_idx}")
/home/psk6950/biomol/utils/hierarchy.py:882: UserWarning: Missing & hetero residue found in this item. auth_seq_id: 59
  warnings.warn(f"Missing & hetero residue found in this item. auth_seq_id: {auth_idx}")
/home/psk6950/biomol/utils/hierarchy.py:882: UserWarning: Missing & hetero residue found in this item. auth_seq_id: 69
  warnings.warn(f"Missing & hetero residue found in this item. auth_seq_id: {auth_idx}")
/home/psk6950/biomol/utils/hierarchy.py:882: UserWarning: Missing & hetero residue found in this item. auth_seq_id: 97
  warnings.warn(f"Missing & hetero residue found in this item. auth_seq_id: {auth_idx}")
/home/psk6950/biomol/utils/hierarchy.py:882: UserWarning: Missing & hetero residue found in this item. auth_seq_id: 112
  warnings.warn(f"Missing & hetero residue found in this item. auth_seq_id: {auth_idx}")
/home/psk6950/biomol/utils/hierarchy.py:882: UserWarning: Missing & hetero residue found in this item. auth_seq_id: 131
  warnings.warn(f"Missing & hetero residue found in this item. auth_seq_id: {auth_idx}")
/home/psk6950/biomol/utils/hierarchy.py:882: UserWarning: Missing & hetero residue found in this item. auth_seq_id: 158
  warnings.warn(f"Missing & hetero residue found in this item. auth_seq_id: {auth_idx}")
/home/psk6950/biomol/utils/hierarchy.py:882: UserWarning: Missing & hetero residue found in this item. auth_seq_id: 492
  warnings.warn(f"Missing & hetero residue found in this item. auth_seq_id: {auth_idx}")
/home/psk6950/biomol/utils/hierarchy.py:882: UserWarning: Missing & hetero residue found in this item. auth_seq_id: 492
  warnings.warn(f"Missing & hetero residue found in this item. auth_seq_id: {auth_idx}")
/home/psk6950/biomol/utils/hierarchy.py:882: UserWarning: Missing & hetero residue found in this item. auth_seq_id: 85
  warnings.warn(f"Missing & hetero residue found in this item. auth_seq_id: {auth_idx}")
/home/psk6950/biomol/utils/hierarchy.py:927: UserWarning: Scheme and entity chem_comp_list mismatch
  warnings.warn("Scheme and entity chem_comp_list mismatch")
/home/psk6950/biomol/utils/hierarchy.py:882: UserWarning: Missing & hetero residue found in this item. auth_seq_id: 279
  warnings.warn(f"Missing & hetero residue found in this item. auth_seq_id: {auth_idx}")
/home/psk6950/biomol/utils/hierarchy.py:882: UserWarning: Missing & hetero residue found in this item. auth_seq_id: 175
  warnings.warn(f"Missing & hetero residue found in this item. auth_seq_id: {auth_idx}")
/home/psk6950/biomol/utils/hierarchy.py:882: UserWarning: Missing & hetero residue found in this item. auth_seq_id: 2
  warnings.warn(f"Missing & hetero residue found in this item. auth_seq_id: {auth_idx}")
/home/psk6950/biomol/utils/hierarchy.py:882: UserWarning: Missing & hetero residue found in this item. auth_seq_id: 288
  warnings.warn(f"Missing & hetero residue found in this item. auth_seq_id: {auth_idx}")
/home/psk6950/biomol/utils/hierarchy.py:882: UserWarning: Missing & hetero residue found in this item. auth_seq_id: 89
  warnings.warn(f"Missing & hetero residue found in this item. auth_seq_id: {auth_idx}")
/home/psk6950/biomol/utils/hierarchy.py:882: UserWarning: Missing & hetero residue found in this item. auth_seq_id: 98
  warnings.warn(f"Missing & hetero residue found in this item. auth_seq_id: {auth_idx}")
/home/psk6950/biomol/utils/hierarchy.py:882: UserWarning: Missing & hetero residue found in this item. auth_seq_id: 119
  warnings.warn(f"Missing & hetero residue found in this item. auth_seq_id: {auth_idx}")
/home/psk6950/biomol/utils/hierarchy.py:882: UserWarning: Missing & hetero residue found in this item. auth_seq_id: 41
  warnings.warn(f"Missing & hetero residue found in this item. auth_seq_id: {auth_idx}")
/home/psk6950/biomol/utils/hierarchy.py:882: UserWarning: Missing & hetero residue found in this item. auth_seq_id: 194
  warnings.warn(f"Missing & hetero residue found in this item. auth_seq_id: {auth_idx}")
/home/psk6950/biomol/utils/hierarchy.py:882: UserWarning: Missing & hetero residue found in this item. auth_seq_id: 1789
  warnings.warn(f"Missing & hetero residue found in this item. auth_seq_id: {auth_idx}")
/home/psk6950/biomol/utils/hierarchy.py:882: UserWarning: Missing & hetero residue found in this item. auth_seq_id: 1789
  warnings.warn(f"Missing & hetero residue found in this item. auth_seq_id: {auth_idx}")
/home/psk6950/biomol/utils/hierarchy.py:882: UserWarning: Missing & hetero residue found in this item. auth_seq_id: 168
  warnings.warn(f"Missing & hetero residue found in this item. auth_seq_id: {auth_idx}")
/home/psk6950/biomol/utils/hierarchy.py:882: UserWarning: Missing & hetero residue found in this item. auth_seq_id: 22
  warnings.warn(f"Missing & hetero residue found in this item. auth_seq_id: {auth_idx}")
/home/psk6950/biomol/utils/hierarchy.py:882: UserWarning: Missing & hetero residue found in this item. auth_seq_id: 42
  warnings.warn(f"Missing & hetero residue found in this item. auth_seq_id: {auth_idx}")
/home/psk6950/biomol/utils/hierarchy.py:882: UserWarning: Missing & hetero residue found in this item. auth_seq_id: 58
  warnings.warn(f"Missing & hetero residue found in this item. auth_seq_id: {auth_idx}")
/home/psk6950/biomol/utils/hierarchy.py:882: UserWarning: Missing & hetero residue found in this item. auth_seq_id: 136
  warnings.warn(f"Missing & hetero residue found in this item. auth_seq_id: {auth_idx}")
/home/psk6950/biomol/utils/hierarchy.py:882: UserWarning: Missing & hetero residue found in this item. auth_seq_id: 157
  warnings.warn(f"Missing & hetero residue found in this item. auth_seq_id: {auth_idx}")
/home/psk6950/biomol/utils/hierarchy.py:882: UserWarning: Missing & hetero residue found in this item. auth_seq_id: 191
  warnings.warn(f"Missing & hetero residue found in this item. auth_seq_id: {auth_idx}")
/home/psk6950/biomol/utils/hierarchy.py:882: UserWarning: Missing & hetero residue found in this item. auth_seq_id: 201
  warnings.warn(f"Missing & hetero residue found in this item. auth_seq_id: {auth_idx}")
/home/psk6950/biomol/utils/hierarchy.py:882: UserWarning: Missing & hetero residue found in this item. auth_seq_id: 220
  warnings.warn(f"Missing & hetero residue found in this item. auth_seq_id: {auth_idx}")
/home/psk6950/biomol/utils/hierarchy.py:882: UserWarning: Missing & hetero residue found in this item. auth_seq_id: 15
  warnings.warn(f"Missing & hetero residue found in this item. auth_seq_id: {auth_idx}")
/home/psk6950/biomol/utils/hierarchy.py:882: UserWarning: Missing & hetero residue found in this item. auth_seq_id: 27
  warnings.warn(f"Missing & hetero residue found in this item. auth_seq_id: {auth_idx}")
/home/psk6950/biomol/utils/hierarchy.py:882: UserWarning: Missing & hetero residue found in this item. auth_seq_id: 159
  warnings.warn(f"Missing & hetero residue found in this item. auth_seq_id: {auth_idx}")
/home/psk6950/biomol/utils/hierarchy.py:882: UserWarning: Missing & hetero residue found in this item. auth_seq_id: 106
  warnings.warn(f"Missing & hetero residue found in this item. auth_seq_id: {auth_idx}")
/home/psk6950/biomol/utils/hierarchy.py:882: UserWarning: Missing & hetero residue found in this item. auth_seq_id: 114
  warnings.warn(f"Missing & hetero residue found in this item. auth_seq_id: {auth_idx}")
/home/psk6950/biomol/utils/hierarchy.py:882: UserWarning: Missing & hetero residue found in this item. auth_seq_id: 84
  warnings.warn(f"Missing & hetero residue found in this item. auth_seq_id: {auth_idx}")
/home/psk6950/biomol/utils/hierarchy.py:882: UserWarning: Missing & hetero residue found in this item. auth_seq_id: 99
  warnings.warn(f"Missing & hetero residue found in this item. auth_seq_id: {auth_idx}")
/home/psk6950/biomol/utils/hierarchy.py:882: UserWarning: Missing & hetero residue found in this item. auth_seq_id: 210
  warnings.warn(f"Missing & hetero residue found in this item. auth_seq_id: {auth_idx}")
/home/psk6950/biomol/utils/hierarchy.py:882: UserWarning: Missing & hetero residue found in this item. auth_seq_id: 89
  warnings.warn(f"Missing & hetero residue found in this item. auth_seq_id: {auth_idx}")
/home/psk6950/biomol/utils/hierarchy.py:882: UserWarning: Missing & hetero residue found in this item. auth_seq_id: 98
  warnings.warn(f"Missing & hetero residue found in this item. auth_seq_id: {auth_idx}")
/home/psk6950/biomol/utils/hierarchy.py:882: UserWarning: Missing & hetero residue found in this item. auth_seq_id: 119
  warnings.warn(f"Missing & hetero residue found in this item. auth_seq_id: {auth_idx}")
/home/psk6950/biomol/utils/hierarchy.py:882: UserWarning: Missing & hetero residue found in this item. auth_seq_id: 41
  warnings.warn(f"Missing & hetero residue found in this item. auth_seq_id: {auth_idx}")
/home/psk6950/biomol/utils/hierarchy.py:882: UserWarning: Missing & hetero residue found in this item. auth_seq_id: 194
  warnings.warn(f"Missing & hetero residue found in this item. auth_seq_id: {auth_idx}")
/home/psk6950/biomol/utils/hierarchy.py:882: UserWarning: Missing & hetero residue found in this item. auth_seq_id: 489
  warnings.warn(f"Missing & hetero residue found in this item. auth_seq_id: {auth_idx}")
/home/psk6950/biomol/utils/hierarchy.py:882: UserWarning: Missing & hetero residue found in this item. auth_seq_id: 489
  warnings.warn(f"Missing & hetero residue found in this item. auth_seq_id: {auth_idx}")
/home/psk6950/biomol/utils/hierarchy.py:882: UserWarning: Missing & hetero residue found in this item. auth_seq_id: 75
  warnings.warn(f"Missing & hetero residue found in this item. auth_seq_id: {auth_idx}")
/home/psk6950/biomol/utils/hierarchy.py:927: UserWarning: Scheme and entity chem_comp_list mismatch
  warnings.warn("Scheme and entity chem_comp_list mismatch")
/home/psk6950/biomol/utils/hierarchy.py:882: UserWarning: Missing & hetero residue found in this item. auth_seq_id: 202
  warnings.warn(f"Missing & hetero residue found in this item. auth_seq_id: {auth_idx}")
/home/psk6950/biomol/utils/hierarchy.py:882: UserWarning: Missing & hetero residue found in this item. auth_seq_id: 66
  warnings.warn(f"Missing & hetero residue found in this item. auth_seq_id: {auth_idx}")
/home/psk6950/biomol/utils/hierarchy.py:882: UserWarning: Missing & hetero residue found in this item. auth_seq_id: 155
  warnings.warn(f"Missing & hetero residue found in this item. auth_seq_id: {auth_idx}")
/home/psk6950/biomol/utils/hierarchy.py:882: UserWarning: Missing & hetero residue found in this item. auth_seq_id: 66
  warnings.warn(f"Missing & hetero residue found in this item. auth_seq_id: {auth_idx}")
/home/psk6950/biomol/utils/hierarchy.py:882: UserWarning: Missing & hetero residue found in this item. auth_seq_id: 20
  warnings.warn(f"Missing & hetero residue found in this item. auth_seq_id: {auth_idx}")
/home/psk6950/biomol/utils/hierarchy.py:882: UserWarning: Missing & hetero residue found in this item. auth_seq_id: 219
  warnings.warn(f"Missing & hetero residue found in this item. auth_seq_id: {auth_idx}")
/home/psk6950/biomol/utils/hierarchy.py:882: UserWarning: Missing & hetero residue found in this item. auth_seq_id: 109
  warnings.warn(f"Missing & hetero residue found in this item. auth_seq_id: {auth_idx}")
/home/psk6950/biomol/utils/hierarchy.py:882: UserWarning: Missing & hetero residue found in this item. auth_seq_id: 109
  warnings.warn(f"Missing & hetero residue found in this item. auth_seq_id: {auth_idx}")
/home/psk6950/biomol/utils/hierarchy.py:882: UserWarning: Missing & hetero residue found in this item. auth_seq_id: 3
  warnings.warn(f"Missing & hetero residue found in this item. auth_seq_id: {auth_idx}")
/home/psk6950/biomol/utils/hierarchy.py:882: UserWarning: Missing & hetero residue found in this item. auth_seq_id: 4
  warnings.warn(f"Missing & hetero residue found in this item. auth_seq_id: {auth_idx}")
/home/psk6950/biomol/utils/hierarchy.py:882: UserWarning: Missing & hetero residue found in this item. auth_seq_id: 5
  warnings.warn(f"Missing & hetero residue found in this item. auth_seq_id: {auth_idx}")
/home/psk6950/biomol/utils/hierarchy.py:882: UserWarning: Missing & hetero residue found in this item. auth_seq_id: 8
  warnings.warn(f"Missing & hetero residue found in this item. auth_seq_id: {auth_idx}")
/home/psk6950/biomol/utils/hierarchy.py:882: UserWarning: Missing & hetero residue found in this item. auth_seq_id: 9
  warnings.warn(f"Missing & hetero residue found in this item. auth_seq_id: {auth_idx}")
/home/psk6950/biomol/utils/hierarchy.py:882: UserWarning: Missing & hetero residue found in this item. auth_seq_id: 12
  warnings.warn(f"Missing & hetero residue found in this item. auth_seq_id: {auth_idx}")
/home/psk6950/biomol/utils/hierarchy.py:882: UserWarning: Missing & hetero residue found in this item. auth_seq_id: 19
  warnings.warn(f"Missing & hetero residue found in this item. auth_seq_id: {auth_idx}")
/home/psk6950/biomol/utils/hierarchy.py:882: UserWarning: Missing & hetero residue found in this item. auth_seq_id: 22
  warnings.warn(f"Missing & hetero residue found in this item. auth_seq_id: {auth_idx}")
/home/psk6950/biomol/utils/hierarchy.py:882: UserWarning: Missing & hetero residue found in this item. auth_seq_id: 23
  warnings.warn(f"Missing & hetero residue found in this item. auth_seq_id: {auth_idx}")
/home/psk6950/biomol/utils/hierarchy.py:882: UserWarning: Missing & hetero residue found in this item. auth_seq_id: 26
  warnings.warn(f"Missing & hetero residue found in this item. auth_seq_id: {auth_idx}")
/home/psk6950/biomol/utils/hierarchy.py:882: UserWarning: Missing & hetero residue found in this item. auth_seq_id: 27
  warnings.warn(f"Missing & hetero residue found in this item. auth_seq_id: {auth_idx}")
/home/psk6950/biomol/utils/hierarchy.py:882: UserWarning: Missing & hetero residue found in this item. auth_seq_id: 28
  warnings.warn(f"Missing & hetero residue found in this item. auth_seq_id: {auth_idx}")
/home/psk6950/biomol/utils/hierarchy.py:882: UserWarning: Missing & hetero residue found in this item. auth_seq_id: 31
  warnings.warn(f"Missing & hetero residue found in this item. auth_seq_id: {auth_idx}")
/home/psk6950/biomol/utils/hierarchy.py:882: UserWarning: Missing & hetero residue found in this item. auth_seq_id: 32
  warnings.warn(f"Missing & hetero residue found in this item. auth_seq_id: {auth_idx}")
/home/psk6950/biomol/utils/hierarchy.py:882: UserWarning: Missing & hetero residue found in this item. auth_seq_id: 33
  warnings.warn(f"Missing & hetero residue found in this item. auth_seq_id: {auth_idx}")
/home/psk6950/biomol/utils/hierarchy.py:882: UserWarning: Missing & hetero residue found in this item. auth_seq_id: 1
  warnings.warn(f"Missing & hetero residue found in this item. auth_seq_id: {auth_idx}")
/home/psk6950/biomol/utils/hierarchy.py:882: UserWarning: Missing & hetero residue found in this item. auth_seq_id: 6
  warnings.warn(f"Missing & hetero residue found in this item. auth_seq_id: {auth_idx}")
/home/psk6950/biomol/utils/hierarchy.py:882: UserWarning: Missing & hetero residue found in this item. auth_seq_id: 10
  warnings.warn(f"Missing & hetero residue found in this item. auth_seq_id: {auth_idx}")
/home/psk6950/biomol/utils/hierarchy.py:882: UserWarning: Missing & hetero residue found in this item. auth_seq_id: 13
  warnings.warn(f"Missing & hetero residue found in this item. auth_seq_id: {auth_idx}")
/home/psk6950/biomol/utils/hierarchy.py:882: UserWarning: Missing & hetero residue found in this item. auth_seq_id: 20
  warnings.warn(f"Missing & hetero residue found in this item. auth_seq_id: {auth_idx}")
/home/psk6950/biomol/utils/hierarchy.py:882: UserWarning: Missing & hetero residue found in this item. auth_seq_id: 24
  warnings.warn(f"Missing & hetero residue found in this item. auth_seq_id: {auth_idx}")
/home/psk6950/biomol/utils/hierarchy.py:882: UserWarning: Missing & hetero residue found in this item. auth_seq_id: 29
  warnings.warn(f"Missing & hetero residue found in this item. auth_seq_id: {auth_idx}")
/home/psk6950/biomol/utils/hierarchy.py:882: UserWarning: Missing & hetero residue found in this item. auth_seq_id: 61
  warnings.warn(f"Missing & hetero residue found in this item. auth_seq_id: {auth_idx}")
/home/psk6950/biomol/utils/hierarchy.py:882: UserWarning: Missing & hetero residue found in this item. auth_seq_id: 67
  warnings.warn(f"Missing & hetero residue found in this item. auth_seq_id: {auth_idx}")
/home/psk6950/biomol/utils/hierarchy.py:927: UserWarning: Scheme and entity chem_comp_list mismatch
  warnings.warn("Scheme and entity chem_comp_list mismatch")
/home/psk6950/biomol/utils/hierarchy.py:882: UserWarning: Missing & hetero residue found in this item. auth_seq_id: 341
  warnings.warn(f"Missing & hetero residue found in this item. auth_seq_id: {auth_idx}")
/home/psk6950/biomol/utils/hierarchy.py:882: UserWarning: Missing & hetero residue found in this item. auth_seq_id: 342
  warnings.warn(f"Missing & hetero residue found in this item. auth_seq_id: {auth_idx}")
/home/psk6950/biomol/utils/hierarchy.py:882: UserWarning: Missing & hetero residue found in this item. auth_seq_id: 17
  warnings.warn(f"Missing & hetero residue found in this item. auth_seq_id: {auth_idx}")
/home/psk6950/biomol/utils/hierarchy.py:882: UserWarning: Missing & hetero residue found in this item. auth_seq_id: 66
  warnings.warn(f"Missing & hetero residue found in this item. auth_seq_id: {auth_idx}")
/home/psk6950/biomol/utils/hierarchy.py:882: UserWarning: Missing & hetero residue found in this item. auth_seq_id: 175
  warnings.warn(f"Missing & hetero residue found in this item. auth_seq_id: {auth_idx}")
/home/psk6950/biomol/utils/hierarchy.py:882: UserWarning: Missing & hetero residue found in this item. auth_seq_id: 66
  warnings.warn(f"Missing & hetero residue found in this item. auth_seq_id: {auth_idx}")
/home/psk6950/biomol/utils/hierarchy.py:882: UserWarning: Missing & hetero residue found in this item. auth_seq_id: 289
  warnings.warn(f"Missing & hetero residue found in this item. auth_seq_id: {auth_idx}")
/home/psk6950/biomol/utils/hierarchy.py:882: UserWarning: Missing & hetero residue found in this item. auth_seq_id: 58
  warnings.warn(f"Missing & hetero residue found in this item. auth_seq_id: {auth_idx}")
/home/psk6950/biomol/utils/hierarchy.py:882: UserWarning: Missing & hetero residue found in this item. auth_seq_id: 58
  warnings.warn(f"Missing & hetero residue found in this item. auth_seq_id: {auth_idx}")
/home/psk6950/biomol/utils/hierarchy.py:882: UserWarning: Missing & hetero residue found in this item. auth_seq_id: 115
  warnings.warn(f"Missing & hetero residue found in this item. auth_seq_id: {auth_idx}")
/home/psk6950/biomol/utils/hierarchy.py:882: UserWarning: Missing & hetero residue found in this item. auth_seq_id: 1
  warnings.warn(f"Missing & hetero residue found in this item. auth_seq_id: {auth_idx}")
/home/psk6950/biomol/utils/hierarchy.py:882: UserWarning: Missing & hetero residue found in this item. auth_seq_id: 15
  warnings.warn(f"Missing & hetero residue found in this item. auth_seq_id: {auth_idx}")
/home/psk6950/biomol/utils/hierarchy.py:927: UserWarning: Scheme and entity chem_comp_list mismatch
  warnings.warn("Scheme and entity chem_comp_list mismatch")
/home/psk6950/biomol/utils/hierarchy.py:882: UserWarning: Missing & hetero residue found in this item. auth_seq_id: 86
  warnings.warn(f"Missing & hetero residue found in this item. auth_seq_id: {auth_idx}")
/home/psk6950/biomol/utils/hierarchy.py:882: UserWarning: Missing & hetero residue found in this item. auth_seq_id: 477
  warnings.warn(f"Missing & hetero residue found in this item. auth_seq_id: {auth_idx}")
/home/psk6950/biomol/utils/hierarchy.py:882: UserWarning: Missing & hetero residue found in this item. auth_seq_id: 1
  warnings.warn(f"Missing & hetero residue found in this item. auth_seq_id: {auth_idx}")
Traceback (most recent call last):
  File "/home/psk6950/biomol/./statistics/multi_state_protiens.py", line 386, in <module>
    filtered_sequences = filter_multi_state_sequences(multi_state_sequences)
  File "/home/psk6950/biomol/./statistics/multi_state_protiens.py", line 340, in filter_multi_state_sequences
    results = Parallel(n_jobs=-1)(
  File "/home/psk6950/.conda/envs/biomol/lib/python3.10/site-packages/joblib/parallel.py", line 2007, in __call__
    return output if self.return_generator else list(output)
  File "/home/psk6950/.conda/envs/biomol/lib/python3.10/site-packages/joblib/parallel.py", line 1650, in _get_outputs
    yield from self._retrieve()
  File "/home/psk6950/.conda/envs/biomol/lib/python3.10/site-packages/joblib/parallel.py", line 1754, in _retrieve
    self._raise_error_fast()
  File "/home/psk6950/.conda/envs/biomol/lib/python3.10/site-packages/joblib/parallel.py", line 1789, in _raise_error_fast
    error_job.get_result(self.timeout)
  File "/home/psk6950/.conda/envs/biomol/lib/python3.10/site-packages/joblib/parallel.py", line 745, in get_result
    return self._return_or_raise()
  File "/home/psk6950/.conda/envs/biomol/lib/python3.10/site-packages/joblib/parallel.py", line 763, in _return_or_raise
    raise self._result
joblib.externals.loky.process_executor.TerminatedWorkerError: A worker process managed by the executor was unexpectedly terminated. This could be caused by a segmentation fault while calling the function or by an excessive memory usage causing the Operating System to kill the worker.

The exit codes of the workers are {SIGKILL(-9)}
